<?xml version="1.0" encoding="UTF-8"?>
<!-- Generated by org.testng.reporters.JUnitXMLReporter -->
<testsuite ignored="1" hostname="LAPTOP-7QMHQHFJ" failures="0" tests="10" name="IETest" time="16.957" errors="0" timestamp="2023-07-15T16:05:14 IST">
  <testcase classname="com.learnautomation.testcases.FirstPageTestCases" name="TestCase1" time="0.001">
    <skipped/>
  </testcase> <!-- TestCase1 -->
  <testcase classname="com.learnautomation.testcases.FirstPageTestCases" name="TestCase2" time="0.0">
    <skipped/>
  </testcase> <!-- TestCase2 -->
  <testcase classname="com.learnautomation.testcases.FirstPageTestCases" name="TestCase3" time="0.0">
    <skipped/>
  </testcase> <!-- TestCase3 -->
  <testcase classname="com.learnautomation.testcases.FirstPageTestCases" name="TestCase4" time="0.0">
    <skipped/>
  </testcase> <!-- TestCase4 -->
  <testcase classname="com.learnautomation.testcases.FirstPageTestCases" name="TestCase5" time="0.0">
    <skipped/>
  </testcase> <!-- TestCase5 -->
  <testcase classname="com.learnautomation.testcases.SecondPageTestCases" name="TestCase1" time="0.0">
    <skipped/>
  </testcase> <!-- TestCase1 -->
  <testcase classname="com.learnautomation.testcases.SecondPageTestCases" name="TestCase2" time="0.0">
    <skipped/>
  </testcase> <!-- TestCase2 -->
  <testcase classname="com.learnautomation.testcases.SecondPageTestCases" name="TestCase3" time="0.0">
    <skipped/>
  </testcase> <!-- TestCase3 -->
  <testcase classname="com.learnautomation.testcases.SecondPageTestCases" name="TestCase4" time="0.0">
    <skipped/>
  </testcase> <!-- TestCase4 -->
  <testcase classname="com.learnautomation.testcases.SecondPageTestCases" name="TestCase5" time="0.0">
    <skipped/>
  </testcase> <!-- TestCase5 -->
  <testcase classname="com.learnautomation.testcases.BaseTest" name="@BeforeSuite testsetup" time="0.0">
    <ignored/>
  </testcase> <!-- @BeforeSuite testsetup -->
</testsuite> <!-- IETest -->
