<?xml version="1.0" encoding="UTF-8"?>
<!-- Generated by org.testng.reporters.JUnitXMLReporter -->
<testsuite ignored="0" hostname="LAPTOP-7QMHQHFJ" failures="0" tests="5" name="Test" time="15.306" errors="0" timestamp="2023-07-09T10:21:34 IST">
  <testcase classname="com.learnautomation.testcases.FirstPageTestCases" name="TestCase1" time="0.117"/>
  <testcase classname="com.learnautomation.testcases.FirstPageTestCases" name="TestCase2" time="0.035"/>
  <testcase classname="com.learnautomation.testcases.FirstPageTestCases" name="TestCase3" time="3.093"/>
  <testcase classname="com.learnautomation.testcases.FirstPageTestCases" name="TestCase4" time="2.123"/>
  <testcase classname="com.learnautomation.testcases.FirstPageTestCases" name="TestCase5" time="2.082"/>
</testsuite> <!-- Test -->
