<?xml version="1.0" encoding="UTF-8"?>
<testng-results ignored="0" total="0" passed="0" failed="0" skipped="0">
  <reporter-output>
  </reporter-output>
  <suite started-at="2023-07-10T16:02:53 IST" name="Surefire suite" finished-at="2023-07-10T16:02:53 IST" duration-ms="25">
    <groups>
    </groups>
    <test started-at="2023-07-10T16:02:53 IST" name="Surefire test" finished-at="2023-07-10T16:02:53 IST" duration-ms="25">
      <class name="com.learnautomation.testcases.BaseTest">
        <test-method is-config="true" signature="testsetup()[pri:0, instance:com.learnautomation.testcases.BaseTest@375b5b7f]" started-at="2023-07-10T16:02:51 IST" name="testsetup" finished-at="2023-07-10T16:02:53 IST" duration-ms="1606" status="PASS">
          <reporter-output>
          </reporter-output>
        </test-method> <!-- testsetup -->
      </class> <!-- com.learnautomation.testcases.BaseTest -->
    </test> <!-- Surefire test -->
  </suite> <!-- Surefire suite -->
</testng-results>
